<?xml version="1.0" encoding="UTF-8"?>
<!-- Generated by org.testng.reporters.JUnitReportReporter -->
<testsuite skipped="0" hostname="DESKTOP-27L8JE7" name="com.project.suitea.TestA" tests="2" failures="0" timestamp="06 Feb 2020 02:18:19 GMT" time="0.022" errors="0">
  <testcase name="f" time="0.008" classname="com.project.suitea.TestA"/>
  <testcase name="f" time="0.014" classname="com.project.suitea.TestA"/>
</testsuite> <!-- com.project.suitea.TestA -->
