<?xml version="1.0" encoding="UTF-8"?>
<!-- Generated by org.testng.reporters.JUnitReportReporter -->
<testsuite skipped="0" hostname="DESKTOP-27L8JE7" name="com.project.suitea.LoginTest" tests="1" failures="0" timestamp="04 Feb 2020 02:07:51 GMT" time="0.015" errors="0">
  <testcase name="login" time="0.015" classname="com.project.suitea.LoginTest"/>
</testsuite> <!-- com.project.suitea.LoginTest -->
