<?xml version="1.0" encoding="UTF-8"?>
<!-- Generated by org.testng.reporters.JUnitReportReporter -->
<testsuite skipped="2" hostname="DESKTOP-27L8JE7" name="com.project.suitea.LoginTest" tests="3" failures="0" timestamp="12 Feb 2020 01:49:53 GMT" time="19.271" errors="0">
  <testcase name="login" time="0.003" classname="com.project.suitea.LoginTest">
    <skipped/>
  </testcase> <!-- login -->
  <testcase name="login" time="19.266" classname="com.project.suitea.LoginTest"/>
  <testcase name="login" time="0.002" classname="com.project.suitea.LoginTest">
    <skipped/>
  </testcase> <!-- login -->
</testsuite> <!-- com.project.suitea.LoginTest -->
