<?xml version="1.0" encoding="UTF-8"?>
<!-- Generated by org.testng.reporters.JUnitReportReporter -->
<testsuite skipped="2" hostname="DESKTOP-27L8JE7" name="com.project.suitea.LoginTest" tests="3" failures="0" timestamp="07 Feb 2020 01:59:33 GMT" time="0.045" errors="0">
  <testcase name="login" time="0.029" classname="com.project.suitea.LoginTest"/>
  <testcase name="login" time="0.009" classname="com.project.suitea.LoginTest">
    <skipped/>
  </testcase> <!-- login -->
  <testcase name="login" time="0.007" classname="com.project.suitea.LoginTest">
    <skipped/>
  </testcase> <!-- login -->
</testsuite> <!-- com.project.suitea.LoginTest -->
