<?xml version="1.0" encoding="UTF-8"?>
<!-- Generated by org.testng.reporters.JUnitReportReporter -->
<testsuite skipped="0" hostname="DESKTOP-27L8JE7" name="com.project.suitea.LoginTest" tests="3" failures="0" timestamp="06 Feb 2020 02:13:18 GMT" time="0.019" errors="0">
  <testcase name="login" time="0.015" classname="com.project.suitea.LoginTest"/>
  <testcase name="login" time="0.001" classname="com.project.suitea.LoginTest"/>
  <testcase name="login" time="0.003" classname="com.project.suitea.LoginTest"/>
</testsuite> <!-- com.project.suitea.LoginTest -->
